C51 COMPILER V9.52.0.0   MOTOR3PHASE                                                       02/21/2015 02:08:38 PAGE 1   


C51 COMPILER V9.52.0.0, COMPILATION OF MODULE MOTOR3PHASE
OBJECT MODULE PLACED IN motor3phase.OBJ
COMPILER INVOKED BY: C:\Keil\C51\BIN\C51.EXE motor3phase.c BROWSE DEBUG OBJECTEXTEND TABS(2)

line level    source

   1          #include <AT89X52.H>
   2          unsigned loopcount0, speedlimit;
   3          unsigned long delay;
   4          void tmr0isr() interrupt TF0_VECTOR{
   5   1        if (--loopcount0==0){
   6   2          P1_2=~P1_2;
   7   2          loopcount0=3*speedlimit;
   8   2        }else if (loopcount0==speedlimit){
   9   2          P1_3=P1_2;
  10   2        }else if (loopcount0==2*speedlimit){
  11   2          P1_4=~P1_2;
  12   2        }
  13   1      }
  14          void main(void){
  15   1        P1=0;
  16   1        EA=1;
  17   1        ET0=1;
  18   1        TMOD=0x02;
  19   1        TH0=9;
  20   1        TL0=9;
  21   1        for (delay=0;delay<65535;delay++){};//delay for stablility
  22   1        speedlimit=111;
  23   1        loopcount0=3*speedlimit;
  24   1        TR0=1;
  25   1        delay=5000;
  26   1        while(1){
  27   2          if(--delay==0){
  28   3            if (speedlimit>70) delay=8000;
  29   3            else if (speedlimit>50) delay=10000;
  30   3            else if (speedlimit>30) delay=20000;
  31   3            else if (speedlimit>20) delay=40000;
  32   3            else if (speedlimit>13) delay=60000;
  33   3            else if (speedlimit>7) delay=100000;
  34   3            if (speedlimit>7) --speedlimit;
  35   3          }
  36   2        }
  37   1      }


MODULE INFORMATION:   STATIC OVERLAYABLE
   CODE SIZE        =    377    ----
   CONSTANT SIZE    =   ----    ----
   XDATA SIZE       =   ----    ----
   PDATA SIZE       =   ----    ----
   DATA SIZE        =      8    ----
   IDATA SIZE       =   ----    ----
   BIT SIZE         =   ----    ----
END OF MODULE INFORMATION.


C51 COMPILATION COMPLETE.  0 WARNING(S),  0 ERROR(S)
